# JRE version: Java(TM) SE Runtime Environment (8.0_111-b14) (build 1.8.0_111-b14)
# Java VM: Java HotSpot(TM) 64-Bit Server VM (25.111-b14 mixed mode windows-amd64 compressed oops)
Heap:
 PSYoungGen      total 12288K, used 8715K [0x00000000d6100000, 0x00000000d7380000, 0x0000000100000000)
  eden space 8192K, 60% used [0x00000000d6100000,0x00000000d65d1580,0x00000000d6900000)
  from space 4096K, 92% used [0x00000000d6b80000,0x00000000d6f316c8,0x00000000d6f80000)
  to   space 3072K, 0% used [0x00000000d7080000,0x00000000d7080000,0x00000000d7380000)
 ParOldGen       total 11264K, used 5024K [0x0000000082200000, 0x0000000082d00000, 0x00000000d6100000)
  object space 11264K, 44% used [0x0000000082200000,0x00000000826e8010,0x0000000082d00000)
 Metaspace       used 8496K, capacity 9204K, committed 9344K, reserved 1056768K
  class space    used 1016K, capacity 1072K, committed 1152K, reserved 1048576K
GC Heap History (10 events):
Event: 0.344 GC heap before
{Heap before GC invocations=4 (full 0):
 PSYoungGen      total 3584K, used 3567K [0x00000000d6100000, 0x00000000d6800000, 0x0000000100000000)
  eden space 3072K, 100% used [0x00000000d6100000,0x00000000d6400000,0x00000000d6400000)
  from space 512K, 96% used [0x00000000d6400000,0x00000000d647bc20,0x00000000d6480000)
  to   space 512K, 0% used [0x00000000d6780000,0x00000000d6780000,0x00000000d6800000)
 ParOldGen       total 5632K, used 632K [0x0000000082200000, 0x0000000082780000, 0x00000000d6100000)
  object space 5632K, 11% used [0x0000000082200000,0x000000008229e020,0x0000000082780000)
 Metaspace       used 6254K, capacity 7380K, committed 7552K, reserved 1056768K
  class space    used 792K, capacity 848K, committed 896K, reserved 1048576K
Event: 0.345 GC heap after
Heap after GC invocations=4 (full 0):
 PSYoungGen      total 6656K, used 512K [0x00000000d6100000, 0x00000000d6800000, 0x0000000100000000)
  eden space 6144K, 0% used [0x00000000d6100000,0x00000000d6100000,0x00000000d6700000)
  from space 512K, 100% used [0x00000000d6780000,0x00000000d6800000,0x00000000d6800000)
  to   space 512K, 0% used [0x00000000d6700000,0x00000000d6700000,0x00000000d6780000)
 ParOldGen       total 5632K, used 912K [0x0000000082200000, 0x0000000082780000, 0x00000000d6100000)
  object space 5632K, 16% used [0x0000000082200000,0x00000000822e4050,0x0000000082780000)
 Metaspace       used 6254K, capacity 7380K, committed 7552K, reserved 1056768K
  class space    used 792K, capacity 848K, committed 896K, reserved 1048576K
}
Event: 0.439 GC heap before
{Heap before GC invocations=5 (full 0):
 PSYoungGen      total 6656K, used 6656K [0x00000000d6100000, 0x00000000d6800000, 0x0000000100000000)
  eden space 6144K, 100% used [0x00000000d6100000,0x00000000d6700000,0x00000000d6700000)
  from space 512K, 100% used [0x00000000d6780000,0x00000000d6800000,0x00000000d6800000)
  to   space 512K, 0% used [0x00000000d6700000,0x00000000d6700000,0x00000000d6780000)
 ParOldGen       total 5632K, used 912K [0x0000000082200000, 0x0000000082780000, 0x00000000d6100000)
  object space 5632K, 16% used [0x0000000082200000,0x00000000822e4050,0x0000000082780000)
 Metaspace       used 7345K, capacity 8180K, committed 8448K, reserved 1056768K
  class space    used 903K, capacity 944K, committed 1024K, reserved 1048576K
Event: 0.443 GC heap after
Heap after GC invocations=5 (full 0):
 PSYoungGen      total 6656K, used 512K [0x00000000d6100000, 0x00000000d7400000, 0x0000000100000000)
  eden space 6144K, 0% used [0x00000000d6100000,0x00000000d6100000,0x00000000d6700000)
  from space 512K, 100% used [0x00000000d6700000,0x00000000d6780000,0x00000000d6780000)
  to   space 3584K, 0% used [0x00000000d7080000,0x00000000d7080000,0x00000000d7400000)
 ParOldGen       total 5632K, used 4655K [0x0000000082200000, 0x0000000082780000, 0x00000000d6100000)
  object space 5632K, 82% used [0x0000000082200000,0x000000008268be90,0x0000000082780000)
 Metaspace       used 7345K, capacity 8180K, committed 8448K, reserved 1056768K
  class space    used 903K, capacity 944K, committed 1024K, reserved 1048576K
}
Event: 0.443 GC heap before
{Heap before GC invocations=6 (full 1):
 PSYoungGen      total 6656K, used 512K [0x00000000d6100000, 0x00000000d7400000, 0x0000000100000000)
  eden space 6144K, 0% used [0x00000000d6100000,0x00000000d6100000,0x00000000d6700000)
  from space 512K, 100% used [0x00000000d6700000,0x00000000d6780000,0x00000000d6780000)
  to   space 3584K, 0% used [0x00000000d7080000,0x00000000d7080000,0x00000000d7400000)
 ParOldGen       total 5632K, used 4655K [0x0000000082200000, 0x0000000082780000, 0x00000000d6100000)
  object space 5632K, 82% used [0x0000000082200000,0x000000008268be90,0x0000000082780000)
 Metaspace       used 7345K, capacity 8180K, committed 8448K, reserved 1056768K
  class space    used 903K, capacity 944K, committed 1024K, reserved 1048576K
Event: 0.474 GC heap after
Heap after GC invocations=6 (full 1):
 PSYoungGen      total 6656K, used 0K [0x00000000d6100000, 0x00000000d7400000, 0x0000000100000000)
  eden space 6144K, 0% used [0x00000000d6100000,0x00000000d6100000,0x00000000d6700000)
  from space 512K, 0% used [0x00000000d6700000,0x00000000d6700000,0x00000000d6780000)
  to   space 3584K, 0% used [0x00000000d7080000,0x00000000d7080000,0x00000000d7400000)
 ParOldGen       total 11264K, used 5016K [0x0000000082200000, 0x0000000082d00000, 0x00000000d6100000)
  object space 11264K, 44% used [0x0000000082200000,0x00000000826e6010,0x0000000082d00000)
 Metaspace       used 7345K, capacity 8180K, committed 8448K, reserved 1056768K
  class space    used 903K, capacity 944K, committed 1024K, reserved 1048576K
}
Event: 0.532 GC heap before
{Heap before GC invocations=7 (full 1):
 PSYoungGen      total 6656K, used 6144K [0x00000000d6100000, 0x00000000d7400000, 0x0000000100000000)
  eden space 6144K, 100% used [0x00000000d6100000,0x00000000d6700000,0x00000000d6700000)
  from space 512K, 0% used [0x00000000d6700000,0x00000000d6700000,0x00000000d6780000)
  to   space 3584K, 0% used [0x00000000d7080000,0x00000000d7080000,0x00000000d7400000)
 ParOldGen       total 11264K, used 5016K [0x0000000082200000, 0x0000000082d00000, 0x00000000d6100000)
  object space 11264K, 44% used [0x0000000082200000,0x00000000826e6010,0x0000000082d00000)
 Metaspace       used 7432K, capacity 8244K, committed 8448K, reserved 1056768K
  class space    used 911K, capacity 944K, committed 1024K, reserved 1048576K
Event: 0.535 GC heap after
Heap after GC invocations=7 (full 1):
 PSYoungGen      total 11264K, used 2793K [0x00000000d6100000, 0x00000000d7380000, 0x0000000100000000)
  eden space 8192K, 0% used [0x00000000d6100000,0x00000000d6100000,0x00000000d6900000)
  from space 3072K, 90% used [0x00000000d7080000,0x00000000d733a748,0x00000000d7380000)
  to   space 4096K, 0% used [0x00000000d6b80000,0x00000000d6b80000,0x00000000d6f80000)
 ParOldGen       total 11264K, used 5016K [0x0000000082200000, 0x0000000082d00000, 0x00000000d6100000)
  object space 11264K, 44% used [0x0000000082200000,0x00000000826e6010,0x0000000082d00000)
 Metaspace       used 7432K, capacity 8244K, committed 8448K, reserved 1056768K
  class space    used 911K, capacity 944K, committed 1024K, reserved 1048576K
}
Event: 0.606 GC heap before
{Heap before GC invocations=8 (full 1):
 PSYoungGen      total 11264K, used 10985K [0x00000000d6100000, 0x00000000d7380000, 0x0000000100000000)
  eden space 8192K, 100% used [0x00000000d6100000,0x00000000d6900000,0x00000000d6900000)
  from space 3072K, 90% used [0x00000000d7080000,0x00000000d733a748,0x00000000d7380000)
  to   space 4096K, 0% used [0x00000000d6b80000,0x00000000d6b80000,0x00000000d6f80000)
 ParOldGen       total 11264K, used 5016K [0x0000000082200000, 0x0000000082d00000, 0x00000000d6100000)
  object space 11264K, 44% used [0x0000000082200000,0x00000000826e6010,0x0000000082d00000)
 Metaspace       used 7759K, capacity 8500K, committed 8704K, reserved 1056768K
  class space    used 933K, capacity 944K, committed 1024K, reserved 1048576K
Event: 0.610 GC heap after
Heap after GC invocations=8 (full 1):
 PSYoungGen      total 12288K, used 3781K [0x00000000d6100000, 0x00000000d7380000, 0x0000000100000000)
  eden space 8192K, 0% used [0x00000000d6100000,0x00000000d6100000,0x00000000d6900000)
  from space 4096K, 92% used [0x00000000d6b80000,0x00000000d6f316c8,0x00000000d6f80000)
  to   space 3072K, 0% used [0x00000000d7080000,0x00000000d7080000,0x00000000d7380000)
 ParOldGen       total 11264K, used 5024K [0x0000000082200000, 0x0000000082d00000, 0x00000000d6100000)
  object space 11264K, 44% used [0x0000000082200000,0x00000000826e8010,0x0000000082d00000)
 Metaspace       used 7759K, capacity 8500K, committed 8704K, reserved 1056768K
  class space    used 933K, capacity 944K, committed 1024K, reserved 1048576K
}

