# JRE version: Java(TM) SE Runtime Environment (8.0_111-b14) (build 1.8.0_111-b14)
# Java VM: Java HotSpot(TM) 64-Bit Server VM (25.111-b14 mixed mode windows-amd64 compressed oops)
Heap:
 PSYoungGen      total 6656K, used 2247K [0x00000000d6100000, 0x00000000d6800000, 0x0000000100000000)
  eden space 6144K, 36% used [0x00000000d6100000,0x00000000d6331e58,0x00000000d6700000)
  from space 512K, 0% used [0x00000000d6700000,0x00000000d6700000,0x00000000d6780000)
  to   space 512K, 0% used [0x00000000d6780000,0x00000000d6780000,0x00000000d6800000)
 ParOldGen       total 5632K, used 5368K [0x0000000082200000, 0x0000000082780000, 0x00000000d6100000)
  object space 5632K, 95% used [0x0000000082200000,0x000000008273e3f0,0x0000000082780000)
 Metaspace       used 8245K, capacity 8916K, committed 9088K, reserved 1056768K
  class space    used 986K, capacity 1040K, committed 1152K, reserved 1048576K
GC Heap History (10 events):
Event: 0.449 GC heap before
{Heap before GC invocations=5 (full 0):
 PSYoungGen      total 6656K, used 6624K [0x00000000d6100000, 0x00000000d6800000, 0x0000000100000000)
  eden space 6144K, 100% used [0x00000000d6100000,0x00000000d6700000,0x00000000d6700000)
  from space 512K, 93% used [0x00000000d6780000,0x00000000d67f8020,0x00000000d6800000)
  to   space 512K, 0% used [0x00000000d6700000,0x00000000d6700000,0x00000000d6780000)
 ParOldGen       total 5632K, used 952K [0x0000000082200000, 0x0000000082780000, 0x00000000d6100000)
  object space 5632K, 16% used [0x0000000082200000,0x00000000822ee050,0x0000000082780000)
 Metaspace       used 7347K, capacity 8180K, committed 8448K, reserved 1056768K
  class space    used 905K, capacity 944K, committed 1024K, reserved 1048576K
Event: 0.454 GC heap after
Heap after GC invocations=5 (full 0):
 PSYoungGen      total 6656K, used 512K [0x00000000d6100000, 0x00000000d6800000, 0x0000000100000000)
  eden space 6144K, 0% used [0x00000000d6100000,0x00000000d6100000,0x00000000d6700000)
  from space 512K, 100% used [0x00000000d6700000,0x00000000d6780000,0x00000000d6780000)
  to   space 512K, 0% used [0x00000000d6780000,0x00000000d6780000,0x00000000d6800000)
 ParOldGen       total 5632K, used 4673K [0x0000000082200000, 0x0000000082780000, 0x00000000d6100000)
  object space 5632K, 82% used [0x0000000082200000,0x0000000082690658,0x0000000082780000)
 Metaspace       used 7347K, capacity 8180K, committed 8448K, reserved 1056768K
  class space    used 905K, capacity 944K, committed 1024K, reserved 1048576K
}
Event: 0.454 GC heap before
{Heap before GC invocations=6 (full 1):
 PSYoungGen      total 6656K, used 512K [0x00000000d6100000, 0x00000000d6800000, 0x0000000100000000)
  eden space 6144K, 0% used [0x00000000d6100000,0x00000000d6100000,0x00000000d6700000)
  from space 512K, 100% used [0x00000000d6700000,0x00000000d6780000,0x00000000d6780000)
  to   space 512K, 0% used [0x00000000d6780000,0x00000000d6780000,0x00000000d6800000)
 ParOldGen       total 5632K, used 4673K [0x0000000082200000, 0x0000000082780000, 0x00000000d6100000)
  object space 5632K, 82% used [0x0000000082200000,0x0000000082690658,0x0000000082780000)
 Metaspace       used 7347K, capacity 8180K, committed 8448K, reserved 1056768K
  class space    used 905K, capacity 944K, committed 1024K, reserved 1048576K
Event: 0.484 GC heap after
Heap after GC invocations=6 (full 1):
 PSYoungGen      total 6656K, used 0K [0x00000000d6100000, 0x00000000d6800000, 0x0000000100000000)
  eden space 6144K, 0% used [0x00000000d6100000,0x00000000d6100000,0x00000000d6700000)
  from space 512K, 0% used [0x00000000d6700000,0x00000000d6700000,0x00000000d6780000)
  to   space 512K, 0% used [0x00000000d6780000,0x00000000d6780000,0x00000000d6800000)
 ParOldGen       total 5632K, used 5014K [0x0000000082200000, 0x0000000082780000, 0x00000000d6100000)
  object space 5632K, 89% used [0x0000000082200000,0x00000000826e5948,0x0000000082780000)
 Metaspace       used 7347K, capacity 8180K, committed 8448K, reserved 1056768K
  class space    used 905K, capacity 944K, committed 1024K, reserved 1048576K
}
Event: 0.544 GC heap before
{Heap before GC invocations=7 (full 2):
 PSYoungGen      total 6656K, used 6144K [0x00000000d6100000, 0x00000000d6800000, 0x0000000100000000)
  eden space 6144K, 100% used [0x00000000d6100000,0x00000000d6700000,0x00000000d6700000)
  from space 512K, 0% used [0x00000000d6700000,0x00000000d6700000,0x00000000d6780000)
  to   space 512K, 0% used [0x00000000d6780000,0x00000000d6780000,0x00000000d6800000)
 ParOldGen       total 5632K, used 5014K [0x0000000082200000, 0x0000000082780000, 0x00000000d6100000)
  object space 5632K, 89% used [0x0000000082200000,0x00000000826e5948,0x0000000082780000)
 Metaspace       used 7434K, capacity 8244K, committed 8448K, reserved 1056768K
  class space    used 912K, capacity 944K, committed 1024K, reserved 1048576K
Event: 0.574 GC heap after
Heap after GC invocations=7 (full 2):
 PSYoungGen      total 6656K, used 430K [0x00000000d6100000, 0x00000000d6800000, 0x0000000100000000)
  eden space 6144K, 7% used [0x00000000d6100000,0x00000000d616bb88,0x00000000d6700000)
  from space 512K, 0% used [0x00000000d6700000,0x00000000d6700000,0x00000000d6780000)
  to   space 512K, 0% used [0x00000000d6780000,0x00000000d6780000,0x00000000d6800000)
 ParOldGen       total 5632K, used 5373K [0x0000000082200000, 0x0000000082780000, 0x00000000d6100000)
  object space 5632K, 95% used [0x0000000082200000,0x000000008273f4c0,0x0000000082780000)
 Metaspace       used 7434K, capacity 8244K, committed 8448K, reserved 1056768K
  class space    used 912K, capacity 944K, committed 1024K, reserved 1048576K
}
Event: 0.598 GC heap before
{Heap before GC invocations=8 (full 3):
 PSYoungGen      total 6656K, used 6144K [0x00000000d6100000, 0x00000000d6800000, 0x0000000100000000)
  eden space 6144K, 100% used [0x00000000d6100000,0x00000000d6700000,0x00000000d6700000)
  from space 512K, 0% used [0x00000000d6700000,0x00000000d6700000,0x00000000d6780000)
  to   space 512K, 0% used [0x00000000d6780000,0x00000000d6780000,0x00000000d6800000)
 ParOldGen       total 5632K, used 5373K [0x0000000082200000, 0x0000000082780000, 0x00000000d6100000)
  object space 5632K, 95% used [0x0000000082200000,0x000000008273f4c0,0x0000000082780000)
 Metaspace       used 7479K, capacity 8244K, committed 8448K, reserved 1056768K
  class space    used 912K, capacity 944K, committed 1024K, reserved 1048576K
Event: 0.617 GC heap after
Heap after GC invocations=8 (full 3):
 PSYoungGen      total 6656K, used 743K [0x00000000d6100000, 0x00000000d6800000, 0x0000000100000000)
  eden space 6144K, 12% used [0x00000000d6100000,0x00000000d61b9e30,0x00000000d6700000)
  from space 512K, 0% used [0x00000000d6700000,0x00000000d6700000,0x00000000d6780000)
  to   space 512K, 0% used [0x00000000d6780000,0x00000000d6780000,0x00000000d6800000)
 ParOldGen       total 5632K, used 5372K [0x0000000082200000, 0x0000000082780000, 0x00000000d6100000)
  object space 5632K, 95% used [0x0000000082200000,0x000000008273f2b0,0x0000000082780000)
 Metaspace       used 7479K, capacity 8244K, committed 8448K, reserved 1056768K
  class space    used 912K, capacity 944K, committed 1024K, reserved 1048576K
}
Event: 0.739 GC heap before
{Heap before GC invocations=9 (full 4):
 PSYoungGen      total 6656K, used 6144K [0x00000000d6100000, 0x00000000d6800000, 0x0000000100000000)
  eden space 6144K, 100% used [0x00000000d6100000,0x00000000d6700000,0x00000000d6700000)
  from space 512K, 0% used [0x00000000d6700000,0x00000000d6700000,0x00000000d6780000)
  to   space 512K, 0% used [0x00000000d6780000,0x00000000d6780000,0x00000000d6800000)
 ParOldGen       total 5632K, used 5372K [0x0000000082200000, 0x0000000082780000, 0x00000000d6100000)
  object space 5632K, 95% used [0x0000000082200000,0x000000008273f2b0,0x0000000082780000)
 Metaspace       used 8225K, capacity 8916K, committed 9088K, reserved 1056768K
  class space    used 986K, capacity 1040K, committed 1152K, reserved 1048576K
Event: 0.774 GC heap after
Heap after GC invocations=9 (full 4):
 PSYoungGen      total 6656K, used 1892K [0x00000000d6100000, 0x00000000d6800000, 0x0000000100000000)
  eden space 6144K, 30% used [0x00000000d6100000,0x00000000d62d93c8,0x00000000d6700000)
  from space 512K, 0% used [0x00000000d6700000,0x00000000d6700000,0x00000000d6780000)
  to   space 512K, 0% used [0x00000000d6780000,0x00000000d6780000,0x00000000d6800000)
 ParOldGen       total 5632K, used 5368K [0x0000000082200000, 0x0000000082780000, 0x00000000d6100000)
  object space 5632K, 95% used [0x0000000082200000,0x000000008273e3f0,0x0000000082780000)
 Metaspace       used 8225K, capacity 8916K, committed 9088K, reserved 1056768K
  class space    used 986K, capacity 1040K, committed 1152K, reserved 1048576K
}

